[2016-08-22 20:54:16.974] [TRACE] normal - 127.0.0.1 - - "GET /plus/ad_js.php?aid=25 HTTP/1.1" 404 - "http://www.jiamu9.cn/qiqu/1580.html" "Mozilla/5.0 (Windows NT 6.1; WOW64) AppleWebKit/537.36 (KHTML, like Gecko) Chrome/44.0.2403.130 Safari/537.36"
[2016-08-22 20:54:16.983] [TRACE] normal - 127.0.0.1 - - "GET /plus/ad_js.php?aid=26 HTTP/1.1" 404 - "http://www.jiamu9.cn/qiqu/1580.html" "Mozilla/5.0 (Windows NT 6.1; WOW64) AppleWebKit/537.36 (KHTML, like Gecko) Chrome/44.0.2403.130 Safari/537.36"
[2016-08-22 20:54:16.987] [TRACE] normal - 127.0.0.1 - - "GET /plus/ad_js.php?aid=23 HTTP/1.1" 404 - "http://www.jiamu9.cn/qiqu/1580.html" "Mozilla/5.0 (Windows NT 6.1; WOW64) AppleWebKit/537.36 (KHTML, like Gecko) Chrome/44.0.2403.130 Safari/537.36"
[2016-08-22 20:54:16.989] [TRACE] normal - 127.0.0.1 - - "GET /plus/ad_js.php?aid=24 HTTP/1.1" 404 - "http://www.jiamu9.cn/qiqu/1580.html" "Mozilla/5.0 (Windows NT 6.1; WOW64) AppleWebKit/537.36 (KHTML, like Gecko) Chrome/44.0.2403.130 Safari/537.36"
[2016-08-22 20:54:36.868] [TRACE] normal - 127.0.0.1 - - "GET /plus/ad_js.php?aid=26 HTTP/1.1" 404 - "http://www.jiamu9.cn/qiqu/1126.html" "Mozilla/5.0 (Windows NT 6.1; WOW64) AppleWebKit/537.36 (KHTML, like Gecko) Chrome/44.0.2403.130 Safari/537.36"
[2016-08-22 20:54:36.873] [TRACE] normal - 127.0.0.1 - - "GET /plus/ad_js.php?aid=23 HTTP/1.1" 404 - "http://www.jiamu9.cn/qiqu/1126.html" "Mozilla/5.0 (Windows NT 6.1; WOW64) AppleWebKit/537.36 (KHTML, like Gecko) Chrome/44.0.2403.130 Safari/537.36"
[2016-08-22 20:54:36.875] [TRACE] normal - 127.0.0.1 - - "GET /plus/ad_js.php?aid=24 HTTP/1.1" 404 - "http://www.jiamu9.cn/qiqu/1126.html" "Mozilla/5.0 (Windows NT 6.1; WOW64) AppleWebKit/537.36 (KHTML, like Gecko) Chrome/44.0.2403.130 Safari/537.36"
[2016-08-22 20:54:36.883] [TRACE] normal - 127.0.0.1 - - "GET /plus/ad_js.php?aid=25 HTTP/1.1" 404 - "http://www.jiamu9.cn/qiqu/1126.html" "Mozilla/5.0 (Windows NT 6.1; WOW64) AppleWebKit/537.36 (KHTML, like Gecko) Chrome/44.0.2403.130 Safari/537.36"
[2016-08-22 20:54:50.670] [TRACE] normal - 127.0.0.1 - - "GET /plus/ad_js.php?aid=24 HTTP/1.1" 404 - "http://www.jiamu9.cn/qiqu/1483.html" "Mozilla/5.0 (Windows NT 6.1; WOW64) AppleWebKit/537.36 (KHTML, like Gecko) Chrome/44.0.2403.130 Safari/537.36"
[2016-08-22 20:54:50.677] [TRACE] normal - 127.0.0.1 - - "GET /plus/ad_js.php?aid=23 HTTP/1.1" 404 - "http://www.jiamu9.cn/qiqu/1483.html" "Mozilla/5.0 (Windows NT 6.1; WOW64) AppleWebKit/537.36 (KHTML, like Gecko) Chrome/44.0.2403.130 Safari/537.36"
[2016-08-22 20:54:50.680] [TRACE] normal - 127.0.0.1 - - "GET /plus/ad_js.php?aid=26 HTTP/1.1" 404 - "http://www.jiamu9.cn/qiqu/1483.html" "Mozilla/5.0 (Windows NT 6.1; WOW64) AppleWebKit/537.36 (KHTML, like Gecko) Chrome/44.0.2403.130 Safari/537.36"
[2016-08-22 20:54:50.684] [TRACE] normal - 127.0.0.1 - - "GET /plus/ad_js.php?aid=25 HTTP/1.1" 404 - "http://www.jiamu9.cn/qiqu/1483.html" "Mozilla/5.0 (Windows NT 6.1; WOW64) AppleWebKit/537.36 (KHTML, like Gecko) Chrome/44.0.2403.130 Safari/537.36"
[2016-08-22 21:06:59.022] [TRACE] normal - 127.0.0.1 - - "GET /templets/huchuan6/style/dedecms.css HTTP/1.1" 404 - "http://www.vpackn.cn/sitemap.html" "Mozilla/5.0 (Windows NT 6.2) AppleWebKit/537.4 (KHTML, like Gecko) Chrome/22.0.1229.94 Safari/537.4"
[2016-08-23 09:09:47.130] [INFO] console - [ { id: 7,
    title: 'ewrew',
    post: 'rwerwe232',
    summary: '3232',
    publishAt: '2016-08-22 17:22:27' },
  { id: 6,
    title: 'wqe',
    post: 'wqewqe2',
    summary: '21323',
    publishAt: '2016-08-22 17:22:21' },
  { id: 5,
    title: 'retre',
    post: 'tretret',
    summary: 'retre',
    publishAt: '2016-08-22 17:22:16' },
  { id: 4,
    title: '23',
    post: '23e21e2',
    summary: 'e',
    publishAt: '2016-08-22 17:21:33' },
  { id: 3,
    title: 'jwei2o3',
    post: 'r23r32r',
    summary: '3r2432',
    publishAt: '2016-08-22 17:21:22' },
  { id: 2,
    title: 'ewr',
    post: 'werwer',
    summary: '32',
    publishAt: '2016-08-22 17:00:45' } ]
[2016-08-23 09:09:48.733] [INFO] console - [ { id: 1,
    title: 'rqwere',
    post: '<strong>sdfsdf</strong>',
    summary: 'rwqewqewewqe',
    publishAt: '2016-08-22 16:26:45' } ]
[2016-08-23 09:09:50.233] [INFO] console - [ { id: 7,
    title: 'ewrew',
    post: 'rwerwe232',
    summary: '3232',
    publishAt: '2016-08-22 17:22:27' },
  { id: 6,
    title: 'wqe',
    post: 'wqewqe2',
    summary: '21323',
    publishAt: '2016-08-22 17:22:21' },
  { id: 5,
    title: 'retre',
    post: 'tretret',
    summary: 'retre',
    publishAt: '2016-08-22 17:22:16' },
  { id: 4,
    title: '23',
    post: '23e21e2',
    summary: 'e',
    publishAt: '2016-08-22 17:21:33' },
  { id: 3,
    title: 'jwei2o3',
    post: 'r23r32r',
    summary: '3r2432',
    publishAt: '2016-08-22 17:21:22' },
  { id: 2,
    title: 'ewr',
    post: 'werwer',
    summary: '32',
    publishAt: '2016-08-22 17:00:45' } ]
[2016-08-23 09:09:51.372] [INFO] console - [ { id: 1,
    title: 'rqwere',
    post: '<strong>sdfsdf</strong>',
    summary: 'rwqewqewewqe',
    publishAt: '2016-08-22 16:26:45' } ]
[2016-08-23 09:09:52.896] [INFO] console - [ { id: 7,
    title: 'ewrew',
    post: 'rwerwe232',
    summary: '3232',
    publishAt: '2016-08-22 17:22:27' },
  { id: 6,
    title: 'wqe',
    post: 'wqewqe2',
    summary: '21323',
    publishAt: '2016-08-22 17:22:21' },
  { id: 5,
    title: 'retre',
    post: 'tretret',
    summary: 'retre',
    publishAt: '2016-08-22 17:22:16' },
  { id: 4,
    title: '23',
    post: '23e21e2',
    summary: 'e',
    publishAt: '2016-08-22 17:21:33' },
  { id: 3,
    title: 'jwei2o3',
    post: 'r23r32r',
    summary: '3r2432',
    publishAt: '2016-08-22 17:21:22' },
  { id: 2,
    title: 'ewr',
    post: 'werwer',
    summary: '32',
    publishAt: '2016-08-22 17:00:45' } ]
[2016-08-23 09:09:56.713] [INFO] console - [ { id: 1,
    title: 'rqwere',
    post: '<strong>sdfsdf</strong>',
    summary: 'rwqewqewewqe',
    publishAt: '2016-08-22 16:26:45' } ]
[2016-08-23 09:09:58.337] [INFO] console - [ { id: 7,
    title: 'ewrew',
    post: 'rwerwe232',
    summary: '3232',
    publishAt: '2016-08-22 17:22:27' },
  { id: 6,
    title: 'wqe',
    post: 'wqewqe2',
    summary: '21323',
    publishAt: '2016-08-22 17:22:21' },
  { id: 5,
    title: 'retre',
    post: 'tretret',
    summary: 'retre',
    publishAt: '2016-08-22 17:22:16' },
  { id: 4,
    title: '23',
    post: '23e21e2',
    summary: 'e',
    publishAt: '2016-08-22 17:21:33' },
  { id: 3,
    title: 'jwei2o3',
    post: 'r23r32r',
    summary: '3r2432',
    publishAt: '2016-08-22 17:21:22' },
  { id: 2,
    title: 'ewr',
    post: 'werwer',
    summary: '32',
    publishAt: '2016-08-22 17:00:45' } ]
[2016-08-23 09:10:03.797] [INFO] console - [ { id: 1,
    title: 'rqwere',
    post: '<strong>sdfsdf</strong>',
    summary: 'rwqewqewewqe',
    publishAt: '2016-08-22 16:26:45' } ]
[2016-08-23 09:10:05.361] [INFO] console - [ { id: 7,
    title: 'ewrew',
    post: 'rwerwe232',
    summary: '3232',
    publishAt: '2016-08-22 17:22:27' },
  { id: 6,
    title: 'wqe',
    post: 'wqewqe2',
    summary: '21323',
    publishAt: '2016-08-22 17:22:21' },
  { id: 5,
    title: 'retre',
    post: 'tretret',
    summary: 'retre',
    publishAt: '2016-08-22 17:22:16' },
  { id: 4,
    title: '23',
    post: '23e21e2',
    summary: 'e',
    publishAt: '2016-08-22 17:21:33' },
  { id: 3,
    title: 'jwei2o3',
    post: 'r23r32r',
    summary: '3r2432',
    publishAt: '2016-08-22 17:21:22' },
  { id: 2,
    title: 'ewr',
    post: 'werwer',
    summary: '32',
    publishAt: '2016-08-22 17:00:45' } ]
[2016-08-23 09:11:46.045] [INFO] console - [ { id: 7,
    title: 'ewrew',
    post: 'rwerwe232',
    summary: '3232',
    publishAt: '2016-08-22 17:22:27' },
  { id: 6,
    title: 'wqe',
    post: 'wqewqe2',
    summary: '21323',
    publishAt: '2016-08-22 17:22:21' },
  { id: 5,
    title: 'retre',
    post: 'tretret',
    summary: 'retre',
    publishAt: '2016-08-22 17:22:16' },
  { id: 4,
    title: '23',
    post: '23e21e2',
    summary: 'e',
    publishAt: '2016-08-22 17:21:33' },
  { id: 3,
    title: 'jwei2o3',
    post: 'r23r32r',
    summary: '3r2432',
    publishAt: '2016-08-22 17:21:22' },
  { id: 2,
    title: 'ewr',
    post: 'werwer',
    summary: '32',
    publishAt: '2016-08-22 17:00:45' } ]
[2016-08-23 09:15:29.996] [INFO] console - [ { id: 7,
    title: 'ewrew',
    post: 'rwerwe232',
    summary: '3232',
    publishAt: '2016-08-22 17:22:27' },
  { id: 6,
    title: 'wqe',
    post: 'wqewqe2',
    summary: '21323',
    publishAt: '2016-08-22 17:22:21' },
  { id: 5,
    title: 'retre',
    post: 'tretret',
    summary: 'retre',
    publishAt: '2016-08-22 17:22:16' },
  { id: 4,
    title: '23',
    post: '23e21e2',
    summary: 'e',
    publishAt: '2016-08-22 17:21:33' },
  { id: 3,
    title: 'jwei2o3',
    post: 'r23r32r',
    summary: '3r2432',
    publishAt: '2016-08-22 17:21:22' },
  { id: 2,
    title: 'ewr',
    post: 'werwer',
    summary: '32',
    publishAt: '2016-08-22 17:00:45' } ]
[2016-08-23 09:15:50.760] [INFO] console - [ { id: 7,
    title: 'ewrew',
    post: 'rwerwe232',
    summary: '3232',
    publishAt: '2016-08-22 17:22:27' },
  { id: 6,
    title: 'wqe',
    post: 'wqewqe2',
    summary: '21323',
    publishAt: '2016-08-22 17:22:21' },
  { id: 5,
    title: 'retre',
    post: 'tretret',
    summary: 'retre',
    publishAt: '2016-08-22 17:22:16' },
  { id: 4,
    title: '23',
    post: '23e21e2',
    summary: 'e',
    publishAt: '2016-08-22 17:21:33' },
  { id: 3,
    title: 'jwei2o3',
    post: 'r23r32r',
    summary: '3r2432',
    publishAt: '2016-08-22 17:21:22' },
  { id: 2,
    title: 'ewr',
    post: 'werwer',
    summary: '32',
    publishAt: '2016-08-22 17:00:45' } ]
[2016-08-23 09:15:52.509] [INFO] console - [ { id: 1,
    title: 'rqwere',
    post: '<strong>sdfsdf</strong>',
    summary: 'rwqewqewewqe',
    publishAt: '2016-08-22 16:26:45' } ]
[2016-08-23 09:15:53.617] [INFO] console - [ { id: 7,
    title: 'ewrew',
    post: 'rwerwe232',
    summary: '3232',
    publishAt: '2016-08-22 17:22:27' },
  { id: 6,
    title: 'wqe',
    post: 'wqewqe2',
    summary: '21323',
    publishAt: '2016-08-22 17:22:21' },
  { id: 5,
    title: 'retre',
    post: 'tretret',
    summary: 'retre',
    publishAt: '2016-08-22 17:22:16' },
  { id: 4,
    title: '23',
    post: '23e21e2',
    summary: 'e',
    publishAt: '2016-08-22 17:21:33' },
  { id: 3,
    title: 'jwei2o3',
    post: 'r23r32r',
    summary: '3r2432',
    publishAt: '2016-08-22 17:21:22' },
  { id: 2,
    title: 'ewr',
    post: 'werwer',
    summary: '32',
    publishAt: '2016-08-22 17:00:45' } ]
[2016-08-23 09:15:54.503] [INFO] console - [ { id: 1,
    title: 'rqwere',
    post: '<strong>sdfsdf</strong>',
    summary: 'rwqewqewewqe',
    publishAt: '2016-08-22 16:26:45' } ]
[2016-08-23 09:15:55.510] [INFO] console - [ { id: 7,
    title: 'ewrew',
    post: 'rwerwe232',
    summary: '3232',
    publishAt: '2016-08-22 17:22:27' },
  { id: 6,
    title: 'wqe',
    post: 'wqewqe2',
    summary: '21323',
    publishAt: '2016-08-22 17:22:21' },
  { id: 5,
    title: 'retre',
    post: 'tretret',
    summary: 'retre',
    publishAt: '2016-08-22 17:22:16' },
  { id: 4,
    title: '23',
    post: '23e21e2',
    summary: 'e',
    publishAt: '2016-08-22 17:21:33' },
  { id: 3,
    title: 'jwei2o3',
    post: 'r23r32r',
    summary: '3r2432',
    publishAt: '2016-08-22 17:21:22' },
  { id: 2,
    title: 'ewr',
    post: 'werwer',
    summary: '32',
    publishAt: '2016-08-22 17:00:45' } ]
[2016-08-23 09:15:56.963] [INFO] console - [ { id: 1,
    title: 'rqwere',
    post: '<strong>sdfsdf</strong>',
    summary: 'rwqewqewewqe',
    publishAt: '2016-08-22 16:26:45' } ]
[2016-08-23 09:15:57.924] [INFO] console - [ { id: 7,
    title: 'ewrew',
    post: 'rwerwe232',
    summary: '3232',
    publishAt: '2016-08-22 17:22:27' },
  { id: 6,
    title: 'wqe',
    post: 'wqewqe2',
    summary: '21323',
    publishAt: '2016-08-22 17:22:21' },
  { id: 5,
    title: 'retre',
    post: 'tretret',
    summary: 'retre',
    publishAt: '2016-08-22 17:22:16' },
  { id: 4,
    title: '23',
    post: '23e21e2',
    summary: 'e',
    publishAt: '2016-08-22 17:21:33' },
  { id: 3,
    title: 'jwei2o3',
    post: 'r23r32r',
    summary: '3r2432',
    publishAt: '2016-08-22 17:21:22' },
  { id: 2,
    title: 'ewr',
    post: 'werwer',
    summary: '32',
    publishAt: '2016-08-22 17:00:45' } ]
[2016-08-23 09:16:42.385] [INFO] console - [ { id: 7,
    title: 'ewrew',
    post: 'rwerwe232',
    summary: '3232',
    publishAt: '2016-08-22 17:22:27' },
  { id: 6,
    title: 'wqe',
    post: 'wqewqe2',
    summary: '21323',
    publishAt: '2016-08-22 17:22:21' },
  { id: 5,
    title: 'retre',
    post: 'tretret',
    summary: 'retre',
    publishAt: '2016-08-22 17:22:16' },
  { id: 4,
    title: '23',
    post: '23e21e2',
    summary: 'e',
    publishAt: '2016-08-22 17:21:33' },
  { id: 3,
    title: 'jwei2o3',
    post: 'r23r32r',
    summary: '3r2432',
    publishAt: '2016-08-22 17:21:22' },
  { id: 2,
    title: 'ewr',
    post: 'werwer',
    summary: '32',
    publishAt: '2016-08-22 17:00:45' } ]
[2016-08-23 09:17:38.156] [INFO] console - [ { id: 7,
    title: 'ewrew',
    post: 'rwerwe232',
    summary: '3232',
    publishAt: '2016-08-22 17:22:27' },
  { id: 6,
    title: 'wqe',
    post: 'wqewqe2',
    summary: '21323',
    publishAt: '2016-08-22 17:22:21' },
  { id: 5,
    title: 'retre',
    post: 'tretret',
    summary: 'retre',
    publishAt: '2016-08-22 17:22:16' },
  { id: 4,
    title: '23',
    post: '23e21e2',
    summary: 'e',
    publishAt: '2016-08-22 17:21:33' },
  { id: 3,
    title: 'jwei2o3',
    post: 'r23r32r',
    summary: '3r2432',
    publishAt: '2016-08-22 17:21:22' },
  { id: 2,
    title: 'ewr',
    post: 'werwer',
    summary: '32',
    publishAt: '2016-08-22 17:00:45' } ]
[2016-08-23 09:18:36.540] [INFO] console - [ { id: 7,
    title: 'ewrew',
    post: 'rwerwe232',
    summary: '3232',
    publishAt: '2016-08-22 17:22:27' },
  { id: 6,
    title: 'wqe',
    post: 'wqewqe2',
    summary: '21323',
    publishAt: '2016-08-22 17:22:21' },
  { id: 5,
    title: 'retre',
    post: 'tretret',
    summary: 'retre',
    publishAt: '2016-08-22 17:22:16' },
  { id: 4,
    title: '23',
    post: '23e21e2',
    summary: 'e',
    publishAt: '2016-08-22 17:21:33' },
  { id: 3,
    title: 'jwei2o3',
    post: 'r23r32r',
    summary: '3r2432',
    publishAt: '2016-08-22 17:21:22' },
  { id: 2,
    title: 'ewr',
    post: 'werwer',
    summary: '32',
    publishAt: '2016-08-22 17:00:45' } ]
[2016-08-23 09:18:57.029] [INFO] console - [ { id: 7,
    title: 'ewrew',
    post: 'rwerwe232',
    summary: '3232',
    publishAt: '2016-08-22 17:22:27' },
  { id: 6,
    title: 'wqe',
    post: 'wqewqe2',
    summary: '21323',
    publishAt: '2016-08-22 17:22:21' },
  { id: 5,
    title: 'retre',
    post: 'tretret',
    summary: 'retre',
    publishAt: '2016-08-22 17:22:16' },
  { id: 4,
    title: '23',
    post: '23e21e2',
    summary: 'e',
    publishAt: '2016-08-22 17:21:33' },
  { id: 3,
    title: 'jwei2o3',
    post: 'r23r32r',
    summary: '3r2432',
    publishAt: '2016-08-22 17:21:22' },
  { id: 2,
    title: 'ewr',
    post: 'werwer',
    summary: '32',
    publishAt: '2016-08-22 17:00:45' } ]
[2016-08-23 09:23:36.923] [INFO] console - [ { id: 7,
    title: 'ewrew',
    post: 'rwerwe232',
    summary: '3232',
    publishAt: '2016-08-22 17:22:27' },
  { id: 6,
    title: 'wqe',
    post: 'wqewqe2',
    summary: '21323',
    publishAt: '2016-08-22 17:22:21' },
  { id: 5,
    title: 'retre',
    post: 'tretret',
    summary: 'retre',
    publishAt: '2016-08-22 17:22:16' },
  { id: 4,
    title: '23',
    post: '23e21e2',
    summary: 'e',
    publishAt: '2016-08-22 17:21:33' },
  { id: 3,
    title: 'jwei2o3',
    post: 'r23r32r',
    summary: '3r2432',
    publishAt: '2016-08-22 17:21:22' },
  { id: 2,
    title: 'ewr',
    post: 'werwer',
    summary: '32',
    publishAt: '2016-08-22 17:00:45' } ]
[2016-08-23 09:23:39.491] [INFO] console - [ { id: 7,
    title: 'ewrew',
    post: 'rwerwe232',
    summary: '3232',
    publishAt: '2016-08-22 17:22:27' },
  { id: 6,
    title: 'wqe',
    post: 'wqewqe2',
    summary: '21323',
    publishAt: '2016-08-22 17:22:21' },
  { id: 5,
    title: 'retre',
    post: 'tretret',
    summary: 'retre',
    publishAt: '2016-08-22 17:22:16' },
  { id: 4,
    title: '23',
    post: '23e21e2',
    summary: 'e',
    publishAt: '2016-08-22 17:21:33' },
  { id: 3,
    title: 'jwei2o3',
    post: 'r23r32r',
    summary: '3r2432',
    publishAt: '2016-08-22 17:21:22' },
  { id: 2,
    title: 'ewr',
    post: 'werwer',
    summary: '32',
    publishAt: '2016-08-22 17:00:45' } ]
[2016-08-23 09:39:53.958] [INFO] console - [ { id: 1,
    title: 'rqwere',
    post: '<strong>sdfsdf</strong>',
    summary: 'rwqewqewewqe',
    publishAt: '2016-08-22 16:26:45' } ]
[2016-08-23 09:39:54.925] [INFO] console - [ { id: 7,
    title: 'ewrew',
    post: 'rwerwe232',
    summary: '3232',
    publishAt: '2016-08-22 17:22:27' },
  { id: 6,
    title: 'wqe',
    post: 'wqewqe2',
    summary: '21323',
    publishAt: '2016-08-22 17:22:21' },
  { id: 5,
    title: 'retre',
    post: 'tretret',
    summary: 'retre',
    publishAt: '2016-08-22 17:22:16' },
  { id: 4,
    title: '23',
    post: '23e21e2',
    summary: 'e',
    publishAt: '2016-08-22 17:21:33' },
  { id: 3,
    title: 'jwei2o3',
    post: 'r23r32r',
    summary: '3r2432',
    publishAt: '2016-08-22 17:21:22' },
  { id: 2,
    title: 'ewr',
    post: 'werwer',
    summary: '32',
    publishAt: '2016-08-22 17:00:45' } ]
[2016-08-23 09:48:16.234] [INFO] console - 80 start
[2016-08-23 10:15:10.870] [INFO] console - 80 start
[2016-08-23 10:15:41.180] [INFO] normal - ReferenceError: shareimg is not defined
    at exports.newsdo (I:\workspace\git\cruisecenter\routes\index.js:46:29)
    at callbacks (I:\workspace\git\cruisecenter\node_modules\express\lib\router\index.js:164:37)
    at param (I:\workspace\git\cruisecenter\node_modules\express\lib\router\index.js:138:11)
    at param (I:\workspace\git\cruisecenter\node_modules\express\lib\router\index.js:135:11)
    at pass (I:\workspace\git\cruisecenter\node_modules\express\lib\router\index.js:145:5)
    at Router._dispatch (I:\workspace\git\cruisecenter\node_modules\express\lib\router\index.js:173:5)
    at Object.router (I:\workspace\git\cruisecenter\node_modules\express\lib\router\index.js:33:10)
    at next (I:\workspace\git\cruisecenter\node_modules\express\node_modules\connect\lib\proto.js:193:15)
    at Object.staticMiddleware [as handle] (I:\workspace\git\cruisecenter\node_modules\express\node_modules\connect\lib\middleware\static.js:55:61)
    at next (I:\workspace\git\cruisecenter\node_modules\express\node_modules\connect\lib\proto.js:193:15)
[2016-08-23 10:16:41.821] [INFO] console - 80 start
[2016-08-23 10:19:15.084] [INFO] console - 80 start
